Start testing: Apr 01 18:34 CST
----------------------------------------------------------
34/37 Testing: RecoveryTest.ReplayWALRestoresLatestState
34/37 Test: RecoveryTest.ReplayWALRestoresLatestState
Command: "/Users/aiziqi/Desktop/KV_/build/tests/kv_engine_test" "--gtest_filter=RecoveryTest.ReplayWALRestoresLatestState" "--gtest_also_run_disabled_tests"
Directory: /Users/aiziqi/Desktop/KV_/build/tests
"RecoveryTest.ReplayWALRestoresLatestState" start time: Apr 01 18:34 CST
Output:
----------------------------------------------------------
Running main() from /Users/aiziqi/Desktop/KV_/build/_deps/googletest-src/googletest/src/gtest_main.cc
Note: Google Test filter = RecoveryTest.ReplayWALRestoresLatestState
[==========] Running 1 test from 1 test suite.
[----------] Global test environment set-up.
[----------] 1 test from RecoveryTest
[ RUN      ] RecoveryTest.ReplayWALRestoresLatestState
[       OK ] RecoveryTest.ReplayWALRestoresLatestState (0 ms)
[----------] 1 test from RecoveryTest (0 ms total)

[----------] Global test environment tear-down
[==========] 1 test from 1 test suite ran. (0 ms total)
[  PASSED  ] 1 test.
<end of output>
Test time =   0.00 sec
----------------------------------------------------------
Test Passed.
"RecoveryTest.ReplayWALRestoresLatestState" end time: Apr 01 18:34 CST
"RecoveryTest.ReplayWALRestoresLatestState" time elapsed: 00:00:00
----------------------------------------------------------

35/37 Testing: RecoveryTest.ReplayMissingFileFails
35/37 Test: RecoveryTest.ReplayMissingFileFails
Command: "/Users/aiziqi/Desktop/KV_/build/tests/kv_engine_test" "--gtest_filter=RecoveryTest.ReplayMissingFileFails" "--gtest_also_run_disabled_tests"
Directory: /Users/aiziqi/Desktop/KV_/build/tests
"RecoveryTest.ReplayMissingFileFails" start time: Apr 01 18:34 CST
Output:
----------------------------------------------------------
Running main() from /Users/aiziqi/Desktop/KV_/build/_deps/googletest-src/googletest/src/gtest_main.cc
Note: Google Test filter = RecoveryTest.ReplayMissingFileFails
[==========] Running 1 test from 1 test suite.
[----------] Global test environment set-up.
[----------] 1 test from RecoveryTest
[ RUN      ] RecoveryTest.ReplayMissingFileFails
[       OK ] RecoveryTest.ReplayMissingFileFails (0 ms)
[----------] 1 test from RecoveryTest (0 ms total)

[----------] Global test environment tear-down
[==========] 1 test from 1 test suite ran. (0 ms total)
[  PASSED  ] 1 test.
<end of output>
Test time =   0.00 sec
----------------------------------------------------------
Test Passed.
"RecoveryTest.ReplayMissingFileFails" end time: Apr 01 18:34 CST
"RecoveryTest.ReplayMissingFileFails" time elapsed: 00:00:00
----------------------------------------------------------

36/37 Testing: RecoveryTest.NullMemTableIsRejected
36/37 Test: RecoveryTest.NullMemTableIsRejected
Command: "/Users/aiziqi/Desktop/KV_/build/tests/kv_engine_test" "--gtest_filter=RecoveryTest.NullMemTableIsRejected" "--gtest_also_run_disabled_tests"
Directory: /Users/aiziqi/Desktop/KV_/build/tests
"RecoveryTest.NullMemTableIsRejected" start time: Apr 01 18:34 CST
Output:
----------------------------------------------------------
Running main() from /Users/aiziqi/Desktop/KV_/build/_deps/googletest-src/googletest/src/gtest_main.cc
Note: Google Test filter = RecoveryTest.NullMemTableIsRejected
[==========] Running 1 test from 1 test suite.
[----------] Global test environment set-up.
[----------] 1 test from RecoveryTest
[ RUN      ] RecoveryTest.NullMemTableIsRejected
[       OK ] RecoveryTest.NullMemTableIsRejected (0 ms)
[----------] 1 test from RecoveryTest (0 ms total)

[----------] Global test environment tear-down
[==========] 1 test from 1 test suite ran. (0 ms total)
[  PASSED  ] 1 test.
<end of output>
Test time =   0.01 sec
----------------------------------------------------------
Test Passed.
"RecoveryTest.NullMemTableIsRejected" end time: Apr 01 18:34 CST
"RecoveryTest.NullMemTableIsRejected" time elapsed: 00:00:00
----------------------------------------------------------

37/37 Testing: RecoveryTest.ReplayReturnsMaxSequence
37/37 Test: RecoveryTest.ReplayReturnsMaxSequence
Command: "/Users/aiziqi/Desktop/KV_/build/tests/kv_engine_test" "--gtest_filter=RecoveryTest.ReplayReturnsMaxSequence" "--gtest_also_run_disabled_tests"
Directory: /Users/aiziqi/Desktop/KV_/build/tests
"RecoveryTest.ReplayReturnsMaxSequence" start time: Apr 01 18:34 CST
Output:
----------------------------------------------------------
Running main() from /Users/aiziqi/Desktop/KV_/build/_deps/googletest-src/googletest/src/gtest_main.cc
Note: Google Test filter = RecoveryTest.ReplayReturnsMaxSequence
[==========] Running 1 test from 1 test suite.
[----------] Global test environment set-up.
[----------] 1 test from RecoveryTest
[ RUN      ] RecoveryTest.ReplayReturnsMaxSequence
[       OK ] RecoveryTest.ReplayReturnsMaxSequence (0 ms)
[----------] 1 test from RecoveryTest (0 ms total)

[----------] Global test environment tear-down
[==========] 1 test from 1 test suite ran. (0 ms total)
[  PASSED  ] 1 test.
<end of output>
Test time =   0.00 sec
----------------------------------------------------------
Test Passed.
"RecoveryTest.ReplayReturnsMaxSequence" end time: Apr 01 18:34 CST
"RecoveryTest.ReplayReturnsMaxSequence" time elapsed: 00:00:00
----------------------------------------------------------

End testing: Apr 01 18:34 CST
